<?xml version="1.0" encoding="UTF-8"?>
<!-- Generated by org.testng.reporters.JUnitXMLReporter -->
<testsuite ignored="0" hostname="MONAMIS-WIN10" failures="1" tests="2" name="Test" time="17.466" errors="0" timestamp="2025-01-22T12:39:42 IST">
  <testcase classname="Orangehrmlive.testcases.LoginTest" name="TestLoginCredentials" time="2.191"/>
  <testcase classname="Orangehrmlive.testcases.LoginTest" name="TestLoginCredentials" time="1.792">
    <failure type="java.lang.AssertionError" message="expected [https://opensource-demo.orangehrmlive.com/web/index.php/dashboard/index] but found [https://opensource-demo.orangehrmlive.com/web/index.php/auth/login]">
      <![CDATA[java.lang.AssertionError: expected [https://opensource-demo.orangehrmlive.com/web/index.php/dashboard/index] but found [https://opensource-demo.orangehrmlive.com/web/index.php/auth/login]
at Orangehrmlive.testcases.LoginTest.TestLoginCredentials(LoginTest.java:33)
at java.base/java.util.ArrayList.forEach(ArrayList.java:1511)
... Removed 33 stack frames]]>
    </failure>
  </testcase> <!-- TestLoginCredentials -->
</testsuite> <!-- Test -->
